2022-10-30 19:51:32,856 INFO Было введено: 1
2022-10-30 19:51:32,857 INFO Была выбрана фигура: TypesFigures.knight
2022-10-30 19:51:39,478 INFO Было введено: 2 0
2022-10-30 19:51:39,479 ERROR Номер горизонтали должен входить в промежуток [1, 8]
2022-10-30 19:52:38,897 INFO Было введено: два
2022-10-30 19:52:38,903 ERROR Неверный ввод, нужно ввести два числа
Traceback (most recent call last):
  File "D:\2 курс\Губошлёпа\Прикладное программирование\6 Лабораторная работа\ФТ-210008Мурашова.py", line 77, in input_square
    raise Exception
Exception
2022-10-30 19:52:47,419 INFO Было введено: 0 9
2022-10-30 19:52:47,420 ERROR Номер вертикали должен входить в промежуток [1, 8]
2022-10-30 19:52:47,420 ERROR Номер горизонтали должен входить в промежуток [1, 8]
2022-10-30 19:52:54,845 INFO Было введено: 2 2
2022-10-30 19:52:54,845 INFO Была выбрана вертикаль 2 и горизонталь 2
2022-10-30 19:52:59,232 INFO Было введено: 4 6
2022-10-30 19:52:59,233 INFO Была выбрана вертикаль 4 и горизонталь 6
2022-10-30 19:52:59,233 INFO а) Цвета клеток двух фигур являются одинаковыми.
2022-10-30 19:52:59,233 INFO б) Первая фигура не угрожает второй.
2022-10-30 19:52:59,233 INFO в) Первая фигура может срубить вторую за два хода, где первый ход будет C4.
2022-10-30 20:00:41,769 INFO Было введено: 4
2022-10-30 20:00:41,770 INFO Была выбрана фигура: TypesFigures.queen
2022-10-30 20:00:52,296 INFO Было введено: 3 2
2022-10-30 20:00:52,296 INFO Была выбрана вертикаль 3 и горизонталь 2
2022-10-30 20:01:13,760 INFO Было введено: 7 8
2022-10-30 20:01:13,760 INFO Была выбрана вертикаль 7 и горизонталь 8
2022-10-30 20:01:13,761 INFO а) Цвета клеток двух фигур являются одинаковыми.
2022-10-30 20:01:13,762 INFO б) Первая фигура не угрожает второй.
2022-10-30 20:01:13,763 INFO в) Первая фигура может срубить вторую за два хода, где первый ход будет C8.
2022-10-30 20:02:40,811 INFO Было введено: 0
2022-10-30 20:02:40,812 ERROR Выберите фигуру из доступных
2022-10-30 20:02:50,713 ERROR Неверный ввод, нужно ввести число
Traceback (most recent call last):
  File "D:\2 курс\Губошлёпа\Прикладное программирование\6 Лабораторная работа\ФТ-210008Мурашова.py", line 42, in input_name
    num = int(input('- '))
ValueError: invalid literal for int() with base 10: 'первая'
2022-10-30 20:02:57,260 INFO Было введено: 2
2022-10-30 20:02:57,260 INFO Была выбрана фигура: TypesFigures.bishop
2022-10-30 20:03:13,837 INFO Было введено: 2 2
2022-10-30 20:03:13,837 INFO Была выбрана вертикаль 2 и горизонталь 2
2022-10-30 20:03:27,361 INFO Было введено: 3 7
2022-10-30 20:03:27,362 INFO Была выбрана вертикаль 3 и горизонталь 7
2022-10-30 20:03:27,362 INFO а) Цвета клеток двух фигур являются одинаковыми.
2022-10-30 20:03:27,363 INFO б) Первая фигура не угрожает второй.
2022-10-30 20:03:27,364 INFO в) Первая фигура может срубить вторую за два хода, где первый ход будет E5.
